2018/12/15 01:38:57 - Default.FMain.windowOpened(FMain.java:171)
	Utilities.CDatabaseUtilities.OpenDatabaseConnection(CDatabaseUtilities.java:46)
net.ucanaccess.jdbc.UcanaccessDriver
2018/12/15 01:39:15 - Default.FMain.windowOpened(FMain.java:171)
	Utilities.CDatabaseUtilities.OpenDatabaseConnection(CDatabaseUtilities.java:46)
net.ucanaccess.jdbc.UcanaccessDriver
2018/12/15 01:39:43 - Default.FMain.windowOpened(FMain.java:171)
	Utilities.CDatabaseUtilities.OpenDatabaseConnection(CDatabaseUtilities.java:46)
net.ucanaccess.jdbc.UcanaccessDriver
2018/12/15 01:40:44 - Default.FMain.windowOpened(FMain.java:171)
	Utilities.CDatabaseUtilities.OpenDatabaseConnection(CDatabaseUtilities.java:46)
net.ucanaccess.jdbc.UcanaccessDriver
2018/12/15 01:41:24 - Default.FMain.windowOpened(FMain.java:171)
	Utilities.CDatabaseUtilities.OpenDatabaseConnection(CDatabaseUtilities.java:46)
net.ucanaccess.jdbc.UcanaccessDriver
2018/12/15 01:42:26 - Default.FMain.windowOpened(FMain.java:171)
	Utilities.CDatabaseUtilities.OpenDatabaseConnection(CDatabaseUtilities.java:46)
net.ucanaccess.jdbc.UcanaccessDriver
2018/12/15 01:45:48 - Default.FMain.actionPerformed(FMain.java:451)
	Default.FMain.btnManageSodaCompanies_Click(FMain.java:262)
	SodaCompanies.DManageSodaCompanies.windowOpened(DManageSodaCompanies.java:152)
	SodaCompanies.DManageSodaCompanies.LoadSodaCompanysList(DManageSodaCompanies.java:203)
	Utilities.CDatabaseUtilities.LoadListBoxFromDatabase(CDatabaseUtilities.java:133)
	net.ucanaccess.jdbc.UcanaccessStatement.executeQuery(UcanaccessStatement.java:155)
user lacks privilege or object not found: VACTIVESODACOMPANYS
2018/12/15 01:45:53 - Default.FMain.actionPerformed(FMain.java:455)
	Default.FMain.btnManageSodas_Click(FMain.java:284)
	Sodas.DManageSodas.windowOpened(DManageSodas.java:177)
	Sodas.DManageSodas.LoadSodasList(DManageSodas.java:229)
	Utilities.CDatabaseUtilities.LoadListBoxFromDatabase(CDatabaseUtilities.java:133)
	net.ucanaccess.jdbc.UcanaccessStatement.executeQuery(UcanaccessStatement.java:155)
user lacks privilege or object not found: VACTIVESODAS
2018/12/15 01:45:56 - Default.FMain.actionPerformed(FMain.java:453)
	Default.FMain.btnAssignSodaCompanySodas_Click(FMain.java:406)
	Default.FMain.AssignSodaCompanySodas(FMain.java:430)
	SodaCompanySodas.DAssignSodaCompanySodas.windowOpened(DAssignSodaCompanySodas.java:212)
	Utilities.CDatabaseUtilities.LoadComboBoxFromDatabase(CDatabaseUtilities.java:675)
	net.ucanaccess.jdbc.UcanaccessStatement.executeQuery(UcanaccessStatement.java:155)
user lacks privilege or object not found: VACTIVESODACOMPANIES
2018/12/15 01:57:13 - Default.FMain.actionPerformed(FMain.java:451)
	Default.FMain.btnManageSodaCompanies_Click(FMain.java:262)
	SodaCompanies.DManageSodaCompanies.windowOpened(DManageSodaCompanies.java:152)
	SodaCompanies.DManageSodaCompanies.LoadSodaCompanysList(DManageSodaCompanies.java:203)
	Utilities.CDatabaseUtilities.LoadListBoxFromDatabase(CDatabaseUtilities.java:133)
	net.ucanaccess.jdbc.UcanaccessStatement.executeQuery(UcanaccessStatement.java:155)
user lacks privilege or object not found: VACTIVESODACOMPANYS
2018/12/15 01:59:50 - Default.FMain.actionPerformed(FMain.java:451)
	Default.FMain.btnManageSodaCompanies_Click(FMain.java:262)
	SodaCompanies.DManageSodaCompanies.windowOpened(DManageSodaCompanies.java:152)
	SodaCompanies.DManageSodaCompanies.LoadSodaCompanysList(DManageSodaCompanies.java:203)
	Utilities.CDatabaseUtilities.LoadListBoxFromDatabase(CDatabaseUtilities.java:133)
	net.ucanaccess.jdbc.UcanaccessStatement.executeQuery(UcanaccessStatement.java:155)
user lacks privilege or object not found: VACTIVESODACOMPANYS
2018/12/15 02:03:05 - Default.FMain.actionPerformed(FMain.java:451)
	Default.FMain.btnManageSodaCompanies_Click(FMain.java:262)
	SodaCompanies.DManageSodaCompanies.windowOpened(DManageSodaCompanies.java:152)
	SodaCompanies.DManageSodaCompanies.LoadSodaCompaniesList(DManageSodaCompanies.java:203)
	Utilities.CDatabaseUtilities.LoadListBoxFromDatabase(CDatabaseUtilities.java:133)
	net.ucanaccess.jdbc.UcanaccessStatement.executeQuery(UcanaccessStatement.java:155)
user lacks privilege or object not found: VACTIVESODACOMPANIESS
2018/12/15 02:03:37 - Default.FMain.actionPerformed(FMain.java:451)
	Default.FMain.btnManageSodaCompanies_Click(FMain.java:262)
	SodaCompanies.DManageSodaCompanies.windowOpened(DManageSodaCompanies.java:152)
	SodaCompanies.DManageSodaCompanies.LoadSodaCompaniesList(DManageSodaCompanies.java:203)
	Utilities.CDatabaseUtilities.LoadListBoxFromDatabase(CDatabaseUtilities.java:133)
	net.ucanaccess.jdbc.UcanaccessStatement.executeQuery(UcanaccessStatement.java:155)
user lacks privilege or object not found: VACTIVESODACOMPANIES
2018/12/15 02:04:39 - Default.FMain.actionPerformed(FMain.java:451)
	Default.FMain.btnManageSodaCompanies_Click(FMain.java:262)
	SodaCompanies.DManageSodaCompanies.windowOpened(DManageSodaCompanies.java:152)
	SodaCompanies.DManageSodaCompanies.LoadSodaCompaniesList(DManageSodaCompanies.java:203)
	Utilities.CDatabaseUtilities.LoadListBoxFromDatabase(CDatabaseUtilities.java:133)
	net.ucanaccess.jdbc.UcanaccessStatement.executeQuery(UcanaccessStatement.java:155)
user lacks privilege or object not found: VACTIVESODACOMPANIES
2018/12/15 02:04:53 - Default.FMain.actionPerformed(FMain.java:453)
	Default.FMain.btnAssignSodaCompanySodas_Click(FMain.java:406)
	Default.FMain.AssignSodaCompanySodas(FMain.java:430)
	SodaCompanySodas.DAssignSodaCompanySodas.windowOpened(DAssignSodaCompanySodas.java:212)
	Utilities.CDatabaseUtilities.LoadComboBoxFromDatabase(CDatabaseUtilities.java:675)
	net.ucanaccess.jdbc.UcanaccessStatement.executeQuery(UcanaccessStatement.java:155)
user lacks privilege or object not found: VACTIVESODACOMPANIES
2018/12/15 02:05:00 - Default.FMain.actionPerformed(FMain.java:455)
	Default.FMain.btnManageSodas_Click(FMain.java:284)
	Sodas.DManageSodas.windowOpened(DManageSodas.java:177)
	Sodas.DManageSodas.LoadSodasList(DManageSodas.java:229)
	Utilities.CDatabaseUtilities.LoadListBoxFromDatabase(CDatabaseUtilities.java:133)
	net.ucanaccess.jdbc.UcanaccessStatement.executeQuery(UcanaccessStatement.java:155)
user lacks privilege or object not found: VACTIVESODAS
2018/12/15 02:05:47 - Default.FMain.actionPerformed(FMain.java:451)
	Default.FMain.btnManageSodaCompanies_Click(FMain.java:262)
	SodaCompanies.DManageSodaCompanies.windowOpened(DManageSodaCompanies.java:152)
	SodaCompanies.DManageSodaCompanies.LoadSodaCompaniesList(DManageSodaCompanies.java:203)
	Utilities.CDatabaseUtilities.LoadListBoxFromDatabase(CDatabaseUtilities.java:133)
	net.ucanaccess.jdbc.UcanaccessStatement.executeQuery(UcanaccessStatement.java:155)
user lacks privilege or object not found: VACTIVESODACOMPANIES
2018/12/15 02:05:57 - Default.FMain.actionPerformed(FMain.java:451)
	Default.FMain.btnManageSodaCompanies_Click(FMain.java:262)
	SodaCompanies.DManageSodaCompanies.windowOpened(DManageSodaCompanies.java:152)
	SodaCompanies.DManageSodaCompanies.LoadSodaCompaniesList(DManageSodaCompanies.java:203)
	Utilities.CDatabaseUtilities.LoadListBoxFromDatabase(CDatabaseUtilities.java:133)
	net.ucanaccess.jdbc.UcanaccessStatement.executeQuery(UcanaccessStatement.java:155)
user lacks privilege or object not found: VACTIVESODACOMPANIES
2018/12/15 02:10:49 - Default.FMain.actionPerformed(FMain.java:451)
	Default.FMain.btnManageSodaCompanies_Click(FMain.java:262)
	SodaCompanies.DManageSodaCompanies.windowOpened(DManageSodaCompanies.java:152)
	SodaCompanies.DManageSodaCompanies.LoadSodaCompaniesList(DManageSodaCompanies.java:203)
	Utilities.CDatabaseUtilities.LoadListBoxFromDatabase(CDatabaseUtilities.java:133)
	net.ucanaccess.jdbc.UcanaccessStatement.executeQuery(UcanaccessStatement.java:155)
user lacks privilege or object not found: STRNAME
2018/12/15 02:11:26 - Default.FMain.actionPerformed(FMain.java:451)
	Default.FMain.btnManageSodaCompanies_Click(FMain.java:262)
	SodaCompanies.DManageSodaCompanies.actionPerformed(DManageSodaCompanies.java:491)
	SodaCompanies.DManageSodaCompanies.btnEdit_Click(DManageSodaCompanies.java:307)
	Utilities.CDatabaseUtilities.LoadListBoxFromDatabase(CDatabaseUtilities.java:133)
	net.ucanaccess.jdbc.UcanaccessStatement.executeQuery(UcanaccessStatement.java:155)
user lacks privilege or object not found: STRSODACOMPANY
2018/12/15 02:11:38 - Default.FMain.actionPerformed(FMain.java:451)
	Default.FMain.btnManageSodaCompanies_Click(FMain.java:262)
	SodaCompanies.DManageSodaCompanies.actionPerformed(DManageSodaCompanies.java:494)
	SodaCompanies.DManageSodaCompanies.chkShowDeleted_Click(DManageSodaCompanies.java:467)
	SodaCompanies.DManageSodaCompanies.LoadSodaCompaniesList(DManageSodaCompanies.java:203)
	Utilities.CDatabaseUtilities.LoadListBoxFromDatabase(CDatabaseUtilities.java:133)
	net.ucanaccess.jdbc.UcanaccessStatement.executeQuery(UcanaccessStatement.java:155)
user lacks privilege or object not found: VINACTIVESODACOMPANIES
2018/12/15 02:11:43 - Default.FMain.actionPerformed(FMain.java:455)
	Default.FMain.btnManageSodas_Click(FMain.java:284)
	Sodas.DManageSodas.windowOpened(DManageSodas.java:177)
	Sodas.DManageSodas.LoadSodasList(DManageSodas.java:229)
	Utilities.CDatabaseUtilities.LoadListBoxFromDatabase(CDatabaseUtilities.java:133)
	net.ucanaccess.jdbc.UcanaccessStatement.executeQuery(UcanaccessStatement.java:155)
user lacks privilege or object not found: STRLASTNAME
2018/12/15 02:12:22 - Default.FMain.actionPerformed(FMain.java:455)
	Default.FMain.btnManageSodas_Click(FMain.java:284)
	Sodas.DManageSodas.windowOpened(DManageSodas.java:177)
	Sodas.DManageSodas.LoadSodasList(DManageSodas.java:229)
	Utilities.CDatabaseUtilities.LoadListBoxFromDatabase(CDatabaseUtilities.java:133)
	net.ucanaccess.jdbc.UcanaccessStatement.executeQuery(UcanaccessStatement.java:155)
user lacks privilege or object not found: STRLASTNAME
2018/12/15 02:12:54 - Default.FMain.actionPerformed(FMain.java:455)
	Default.FMain.btnManageSodas_Click(FMain.java:284)
	Sodas.DManageSodas.windowOpened(DManageSodas.java:177)
	Sodas.DManageSodas.LoadSodasList(DManageSodas.java:229)
	Utilities.CDatabaseUtilities.LoadListBoxFromDatabase(CDatabaseUtilities.java:133)
	net.ucanaccess.jdbc.UcanaccessStatement.executeQuery(UcanaccessStatement.java:155)
user lacks privilege or object not found: SODANAME
2018/12/15 02:13:12 - Default.FMain.actionPerformed(FMain.java:455)
	Default.FMain.btnManageSodas_Click(FMain.java:284)
	Sodas.DManageSodas.windowOpened(DManageSodas.java:177)
	Sodas.DManageSodas.LoadSodasList(DManageSodas.java:229)
	Utilities.CDatabaseUtilities.LoadListBoxFromDatabase(CDatabaseUtilities.java:133)
	net.ucanaccess.jdbc.UcanaccessStatement.executeQuery(UcanaccessStatement.java:155)
user lacks privilege or object not found: STRSODA
2018/12/15 02:13:45 - Default.FMain.actionPerformed(FMain.java:455)
	Default.FMain.btnManageSodas_Click(FMain.java:284)
	Sodas.DManageSodas.actionPerformed(DManageSodas.java:147)
	Sodas.DManageSodas.btnEdit_Click(DManageSodas.java:334)
	Utilities.CDatabaseUtilities.LoadSodaListBoxFromDatabase(CDatabaseUtilities.java:193)
	net.ucanaccess.jdbc.UcanaccessStatement.executeQuery(UcanaccessStatement.java:155)
user lacks privilege or object not found: STRLASTNAME
2018/12/15 02:14:50 - Default.FMain.actionPerformed(FMain.java:455)
	Default.FMain.btnManageSodas_Click(FMain.java:284)
	Sodas.DManageSodas.actionPerformed(DManageSodas.java:147)
	Sodas.DManageSodas.btnEdit_Click(DManageSodas.java:334)
	Utilities.CDatabaseUtilities.LoadSodaListBoxFromDatabase(CDatabaseUtilities.java:202)
	net.ucanaccess.jdbc.UcanaccessResultSet.getString(UcanaccessResultSet.java:681)
Column not found: 3
2018/12/15 02:16:04 - Default.FMain.actionPerformed(FMain.java:453)
	Default.FMain.btnAssignSodaCompanySodas_Click(FMain.java:406)
	Default.FMain.AssignSodaCompanySodas(FMain.java:430)
	SodaCompanySodas.DAssignSodaCompanySodas.windowOpened(DAssignSodaCompanySodas.java:212)
	Utilities.CDatabaseUtilities.LoadComboBoxFromDatabase(CDatabaseUtilities.java:675)
	net.ucanaccess.jdbc.UcanaccessStatement.executeQuery(UcanaccessStatement.java:155)
user lacks privilege or object not found: STRSODACOMPANY
2018/12/15 02:16:42 - Default.FMain.actionPerformed(FMain.java:453)
	Default.FMain.btnAssignSodaCompanySodas_Click(FMain.java:406)
	Default.FMain.AssignSodaCompanySodas(FMain.java:430)
	SodaCompanySodas.DAssignSodaCompanySodas.windowOpened(DAssignSodaCompanySodas.java:212)
	Utilities.CDatabaseUtilities.LoadComboBoxFromDatabase(CDatabaseUtilities.java:675)
	net.ucanaccess.jdbc.UcanaccessStatement.executeQuery(UcanaccessStatement.java:155)
user lacks privilege or object not found: STRSODACOMPANY
2018/12/15 02:17:01 - Default.FMain.actionPerformed(FMain.java:453)
	Default.FMain.btnAssignSodaCompanySodas_Click(FMain.java:406)
	Default.FMain.AssignSodaCompanySodas(FMain.java:430)
	SodaCompanySodas.DAssignSodaCompanySodas.windowOpened(DAssignSodaCompanySodas.java:212)
	Utilities.CDatabaseUtilities.LoadComboBoxFromDatabase(CDatabaseUtilities.java:689)
	Utilities.CComboBox.SetSelectedIndex(CComboBox.java:624)
	Utilities.CComboBox.itemStateChanged(CComboBox.java:991)
	SodaCompanySodas.DAssignSodaCompanySodas.itemStateChanged(DAssignSodaCompanySodas.java:272)
	SodaCompanySodas.DAssignSodaCompanySodas.LoadSodaCompaniesodas(DAssignSodaCompanySodas.java:305)
	Utilities.CDatabaseUtilities.LoadSodaCompanySodasFromDatabase(CDatabaseUtilities.java:821)
	net.ucanaccess.jdbc.UcanaccessStatement.executeQuery(UcanaccessStatement.java:155)
user lacks privilege or object not found: STRLASTNAME
2018/12/15 02:17:03 - Default.FMain.actionPerformed(FMain.java:453)
	Default.FMain.btnAssignSodaCompanySodas_Click(FMain.java:406)
	Default.FMain.AssignSodaCompanySodas(FMain.java:430)
	SodaCompanySodas.DAssignSodaCompanySodas.windowOpened(DAssignSodaCompanySodas.java:212)
	Utilities.CDatabaseUtilities.LoadComboBoxFromDatabase(CDatabaseUtilities.java:689)
	Utilities.CComboBox.SetSelectedIndex(CComboBox.java:624)
	Utilities.CComboBox.itemStateChanged(CComboBox.java:991)
	SodaCompanySodas.DAssignSodaCompanySodas.itemStateChanged(DAssignSodaCompanySodas.java:272)
	SodaCompanySodas.DAssignSodaCompanySodas.LoadSodaCompaniesodas(DAssignSodaCompanySodas.java:310)
	Utilities.CDatabaseUtilities.LoadSodaCompanySodasFromDatabase(CDatabaseUtilities.java:821)
	net.ucanaccess.jdbc.UcanaccessStatement.executeQuery(UcanaccessStatement.java:155)
user lacks privilege or object not found: STRLASTNAME
2018/12/15 02:18:16 - Default.FMain.actionPerformed(FMain.java:453)
	Default.FMain.btnAssignSodaCompanySodas_Click(FMain.java:406)
	Default.FMain.AssignSodaCompanySodas(FMain.java:430)
	SodaCompanySodas.DAssignSodaCompanySodas.windowOpened(DAssignSodaCompanySodas.java:212)
	Utilities.CDatabaseUtilities.LoadComboBoxFromDatabase(CDatabaseUtilities.java:687)
	Utilities.CComboBox.SetSelectedIndex(CComboBox.java:624)
	Utilities.CComboBox.itemStateChanged(CComboBox.java:991)
	SodaCompanySodas.DAssignSodaCompanySodas.itemStateChanged(DAssignSodaCompanySodas.java:272)
	SodaCompanySodas.DAssignSodaCompanySodas.LoadSodaCompaniesodas(DAssignSodaCompanySodas.java:305)
	Utilities.CDatabaseUtilities.LoadSodaCompanySodasFromDatabase(CDatabaseUtilities.java:819)
	net.ucanaccess.jdbc.UcanaccessStatement.executeQuery(UcanaccessStatement.java:155)
user lacks privilege or object not found: STRLASTNAME
2018/12/15 02:18:17 - Default.FMain.actionPerformed(FMain.java:453)
	Default.FMain.btnAssignSodaCompanySodas_Click(FMain.java:406)
	Default.FMain.AssignSodaCompanySodas(FMain.java:430)
	SodaCompanySodas.DAssignSodaCompanySodas.windowOpened(DAssignSodaCompanySodas.java:212)
	Utilities.CDatabaseUtilities.LoadComboBoxFromDatabase(CDatabaseUtilities.java:687)
	Utilities.CComboBox.SetSelectedIndex(CComboBox.java:624)
	Utilities.CComboBox.itemStateChanged(CComboBox.java:991)
	SodaCompanySodas.DAssignSodaCompanySodas.itemStateChanged(DAssignSodaCompanySodas.java:272)
	SodaCompanySodas.DAssignSodaCompanySodas.LoadSodaCompaniesodas(DAssignSodaCompanySodas.java:310)
	Utilities.CDatabaseUtilities.LoadSodaCompanySodasFromDatabase(CDatabaseUtilities.java:819)
	net.ucanaccess.jdbc.UcanaccessStatement.executeQuery(UcanaccessStatement.java:155)
user lacks privilege or object not found: STRLASTNAME
2018/12/15 02:21:55 - Default.FMain.actionPerformed(FMain.java:451)
	Default.FMain.btnManageSodaCompanies_Click(FMain.java:262)
	SodaCompanies.DManageSodaCompanies.actionPerformed(DManageSodaCompanies.java:491)
	SodaCompanies.DManageSodaCompanies.btnEdit_Click(DManageSodaCompanies.java:307)
	Utilities.CDatabaseUtilities.LoadListBoxFromDatabase(CDatabaseUtilities.java:133)
	net.ucanaccess.jdbc.UcanaccessStatement.executeQuery(UcanaccessStatement.java:155)
user lacks privilege or object not found: STRSODACOMPANY
2018/12/15 02:26:25 - Default.FMain.actionPerformed(FMain.java:455)
	Default.FMain.btnManageSodas_Click(FMain.java:284)
	Sodas.DManageSodas.actionPerformed(DManageSodas.java:147)
	Sodas.DManageSodas.btnEdit_Click(DManageSodas.java:326)
	Sodas.DEditSoda.windowOpened(DEditSoda.java:410)
	Sodas.DEditSoda.PutValuesOnForm(DEditSoda.java:367)
Cannot format given Object as a Number
2018/12/15 02:31:36 - Default.FMain.actionPerformed(FMain.java:455)
	Default.FMain.btnManageSodas_Click(FMain.java:284)
	Sodas.DManageSodas.actionPerformed(DManageSodas.java:146)
	Sodas.DManageSodas.btnAdd_Click(DManageSodas.java:270)
	Sodas.DAddSoda.actionPerformed(DAddSoda.java:151)
	Sodas.DAddSoda.btnOK_Click(DAddSoda.java:187)
	Sodas.DAddSoda.SaveData(DAddSoda.java:260)
	Utilities.CDatabaseUtilities.AddSodaToDatabase(CDatabaseUtilities.java:517)
	net.ucanaccess.jdbc.UcanaccessResultSet.updateInt(UcanaccessResultSet.java:1397)
Column not found: intSodaStatusID
2018/12/15 02:34:28 - Default.FMain.actionPerformed(FMain.java:455)
	Default.FMain.btnManageSodas_Click(FMain.java:284)
	Sodas.DManageSodas.actionPerformed(DManageSodas.java:146)
	Sodas.DManageSodas.btnAdd_Click(DManageSodas.java:270)
	Sodas.DAddSoda.actionPerformed(DAddSoda.java:151)
	Sodas.DAddSoda.btnOK_Click(DAddSoda.java:187)
	Sodas.DAddSoda.SaveData(DAddSoda.java:260)
	Utilities.CDatabaseUtilities.AddSodaToDatabase(CDatabaseUtilities.java:517)
	net.ucanaccess.jdbc.UcanaccessResultSet.updateInt(UcanaccessResultSet.java:1397)
Column not found: intSodaStatusID
2018/12/15 02:35:00 - Default.FMain.actionPerformed(FMain.java:455)
	Default.FMain.btnManageSodas_Click(FMain.java:284)
	Sodas.DManageSodas.actionPerformed(DManageSodas.java:146)
	Sodas.DManageSodas.btnAdd_Click(DManageSodas.java:270)
	Sodas.DAddSoda.actionPerformed(DAddSoda.java:151)
	Sodas.DAddSoda.btnOK_Click(DAddSoda.java:187)
	Sodas.DAddSoda.SaveData(DAddSoda.java:260)
	Utilities.CDatabaseUtilities.AddSodaToDatabase(CDatabaseUtilities.java:517)
	net.ucanaccess.jdbc.UcanaccessResultSet.updateInt(UcanaccessResultSet.java:1397)
Column not found: intSodaStatusID
2018/12/15 02:35:31 - Default.FMain.actionPerformed(FMain.java:455)
	Default.FMain.btnManageSodas_Click(FMain.java:284)
	Sodas.DManageSodas.actionPerformed(DManageSodas.java:148)
	Sodas.DManageSodas.btnDelete_Click(DManageSodas.java:389)
	Utilities.CDatabaseUtilities.DeleteSodaFromDatabase(CDatabaseUtilities.java:548)
	Utilities.CDatabaseUtilities.SetSodaStatusInDatabase(CDatabaseUtilities.java:1202)
	net.ucanaccess.jdbc.UcanaccessResultSet.updateInt(UcanaccessResultSet.java:1397)
Column not found: intSodaStatusID
2018/12/15 02:36:25 - Default.FMain.actionPerformed(FMain.java:455)
	Default.FMain.btnManageSodas_Click(FMain.java:284)
	Sodas.DManageSodas.actionPerformed(DManageSodas.java:148)
	Sodas.DManageSodas.btnDelete_Click(DManageSodas.java:389)
	Utilities.CDatabaseUtilities.DeleteSodaFromDatabase(CDatabaseUtilities.java:548)
	Utilities.CDatabaseUtilities.SetSodaStatusInDatabase(CDatabaseUtilities.java:1202)
	net.ucanaccess.jdbc.UcanaccessResultSet.updateInt(UcanaccessResultSet.java:1397)
Column not found: intSodaStatusID
2018/12/15 02:36:46 - Default.FMain.actionPerformed(FMain.java:455)
	Default.FMain.btnManageSodas_Click(FMain.java:284)
	Sodas.DManageSodas.actionPerformed(DManageSodas.java:148)
	Sodas.DManageSodas.btnDelete_Click(DManageSodas.java:389)
	Utilities.CDatabaseUtilities.DeleteSodaFromDatabase(CDatabaseUtilities.java:548)
	Utilities.CDatabaseUtilities.SetSodaStatusInDatabase(CDatabaseUtilities.java:1202)
	net.ucanaccess.jdbc.UcanaccessResultSet.updateInt(UcanaccessResultSet.java:1397)
Column not found: intSodaStatusID
2018/12/15 02:38:39 - Default.FMain.actionPerformed(FMain.java:455)
	Default.FMain.btnManageSodas_Click(FMain.java:284)
	Sodas.DManageSodas.actionPerformed(DManageSodas.java:150)
	Sodas.DManageSodas.chkShowDeleted_Click(DManageSodas.java:511)
	Sodas.DManageSodas.LoadSodasList(DManageSodas.java:229)
	Utilities.CDatabaseUtilities.LoadListBoxFromDatabase(CDatabaseUtilities.java:133)
	net.ucanaccess.jdbc.UcanaccessStatement.executeQuery(UcanaccessStatement.java:155)
user lacks privilege or object not found: VINACTIVESODAS
2018/12/15 02:40:40 - Default.FMain.actionPerformed(FMain.java:453)
	Default.FMain.btnAssignSodaCompanySodas_Click(FMain.java:406)
	Default.FMain.AssignSodaCompanySodas(FMain.java:430)
	SodaCompanySodas.DAssignSodaCompanySodas.actionPerformed(DAssignSodaCompanySodas.java:414)
	SodaCompanySodas.DAssignSodaCompanySodas.btnAll_Click(DAssignSodaCompanySodas.java:447)
	Utilities.CDatabaseUtilities.AddAllSodasToSodaCompanyInDatabase(CDatabaseUtilities.java:878)
	net.ucanaccess.jdbc.UcanaccessStatement.execute(UcanaccessStatement.java:109)
number of target columns does not match that of query expression
2018/12/15 03:00:05 - Default.FMain.actionPerformed(FMain.java:451)
	Default.FMain.btnManageSodaCompanies_Click(FMain.java:262)
	SodaCompanies.DManageSodaCompanies.actionPerformed(DManageSodaCompanies.java:490)
	SodaCompanies.DManageSodaCompanies.btnAdd_Click(DManageSodaCompanies.java:245)
	SodaCompanies.DAddSodaCompany.actionPerformed(DAddSodaCompany.java:191)
	SodaCompanies.DAddSodaCompany.btnOK_Click(DAddSodaCompany.java:227)
	SodaCompanies.DAddSodaCompany.SaveData(DAddSodaCompany.java:310)
	Utilities.CDatabaseUtilities.AddSodaCompanyToDatabase(CDatabaseUtilities.java:282)
	Utilities.CDatabaseUtilities.GetNextHighestRecordID(CDatabaseUtilities.java:241)
	net.ucanaccess.jdbc.UcanaccessStatement.executeQuery(UcanaccessStatement.java:155)
user lacks privilege or object not found: TSODACOMPANYS
2018/12/15 03:00:12 - Default.FMain.actionPerformed(FMain.java:451)
	Default.FMain.btnManageSodaCompanies_Click(FMain.java:262)
	SodaCompanies.DManageSodaCompanies.actionPerformed(DManageSodaCompanies.java:490)
	SodaCompanies.DManageSodaCompanies.btnAdd_Click(DManageSodaCompanies.java:245)
	SodaCompanies.DAddSodaCompany.actionPerformed(DAddSodaCompany.java:191)
	SodaCompanies.DAddSodaCompany.btnOK_Click(DAddSodaCompany.java:227)
	SodaCompanies.DAddSodaCompany.SaveData(DAddSodaCompany.java:310)
	Utilities.CDatabaseUtilities.AddSodaCompanyToDatabase(CDatabaseUtilities.java:292)
	net.ucanaccess.jdbc.UcanaccessStatement.executeQuery(UcanaccessStatement.java:155)
user lacks privilege or object not found: TSODACOMPANYS
2018/12/15 03:02:11 - Default.FMain.actionPerformed(FMain.java:451)
	Default.FMain.btnManageSodaCompanies_Click(FMain.java:262)
	SodaCompanies.DManageSodaCompanies.actionPerformed(DManageSodaCompanies.java:490)
	SodaCompanies.DManageSodaCompanies.btnAdd_Click(DManageSodaCompanies.java:245)
	SodaCompanies.DAddSodaCompany.actionPerformed(DAddSodaCompany.java:191)
	SodaCompanies.DAddSodaCompany.btnOK_Click(DAddSodaCompany.java:227)
	SodaCompanies.DAddSodaCompany.SaveData(DAddSodaCompany.java:310)
	Utilities.CDatabaseUtilities.AddSodaCompanyToDatabase(CDatabaseUtilities.java:282)
	Utilities.CDatabaseUtilities.GetNextHighestRecordID(CDatabaseUtilities.java:241)
	net.ucanaccess.jdbc.UcanaccessStatement.executeQuery(UcanaccessStatement.java:155)
user lacks privilege or object not found: TSODACOMPANYS
2018/12/15 03:02:17 - Default.FMain.actionPerformed(FMain.java:451)
	Default.FMain.btnManageSodaCompanies_Click(FMain.java:262)
	SodaCompanies.DManageSodaCompanies.actionPerformed(DManageSodaCompanies.java:490)
	SodaCompanies.DManageSodaCompanies.btnAdd_Click(DManageSodaCompanies.java:245)
	SodaCompanies.DAddSodaCompany.actionPerformed(DAddSodaCompany.java:191)
	SodaCompanies.DAddSodaCompany.btnOK_Click(DAddSodaCompany.java:227)
	SodaCompanies.DAddSodaCompany.SaveData(DAddSodaCompany.java:310)
	Utilities.CDatabaseUtilities.AddSodaCompanyToDatabase(CDatabaseUtilities.java:292)
	net.ucanaccess.jdbc.UcanaccessStatement.executeQuery(UcanaccessStatement.java:155)
user lacks privilege or object not found: TSODACOMPANYS
2018/12/15 03:06:23 - Default.FMain.actionPerformed(FMain.java:451)
	Default.FMain.btnManageSodaCompanies_Click(FMain.java:262)
	SodaCompanies.DManageSodaCompanies.actionPerformed(DManageSodaCompanies.java:490)
	SodaCompanies.DManageSodaCompanies.btnAdd_Click(DManageSodaCompanies.java:245)
	SodaCompanies.DAddSodaCompany.actionPerformed(DAddSodaCompany.java:191)
	SodaCompanies.DAddSodaCompany.btnOK_Click(DAddSodaCompany.java:227)
	SodaCompanies.DAddSodaCompany.SaveData(DAddSodaCompany.java:310)
	Utilities.CDatabaseUtilities.AddSodaCompanyToDatabase(CDatabaseUtilities.java:297)
	net.ucanaccess.jdbc.UcanaccessResultSet.updateString(UcanaccessResultSet.java:1658)
Column not found: strAddress
2018/12/15 03:09:53 - Default.FMain.actionPerformed(FMain.java:451)
	Default.FMain.btnManageSodaCompanies_Click(FMain.java:262)
	SodaCompanies.DManageSodaCompanies.actionPerformed(DManageSodaCompanies.java:490)
	SodaCompanies.DManageSodaCompanies.btnAdd_Click(DManageSodaCompanies.java:245)
	SodaCompanies.DAddSodaCompany.actionPerformed(DAddSodaCompany.java:191)
	SodaCompanies.DAddSodaCompany.btnOK_Click(DAddSodaCompany.java:227)
	SodaCompanies.DAddSodaCompany.SaveData(DAddSodaCompany.java:310)
	Utilities.CDatabaseUtilities.AddSodaCompanyToDatabase(CDatabaseUtilities.java:303)
	net.ucanaccess.jdbc.UcanaccessResultSet.updateInt(UcanaccessResultSet.java:1397)
Column not found: intSodaCompanyStatusID
2018/12/15 11:14:10 - Default.FMain.actionPerformed(FMain.java:451)
	Default.FMain.btnManageSodaCompanies_Click(FMain.java:262)
	SodaCompanies.DManageSodaCompanies.actionPerformed(DManageSodaCompanies.java:510)
	SodaCompanies.DManageSodaCompanies.btnEdit_Click(DManageSodaCompanies.java:322)
	SodaCompanies.DEditSodaCompany.windowOpened(DEditSodaCompany.java:469)
	Utilities.CDatabaseUtilities.GetSodaCompanyInformationFromDatabase(CDatabaseUtilities.java:453)
	net.ucanaccess.jdbc.UcanaccessStatement.executeQuery(UcanaccessStatement.java:155)
user lacks privilege or object not found: TSODACOMPANYS
2018/12/15 11:23:11 - Default.FMain.actionPerformed(FMain.java:453)
	Default.FMain.btnAssignSodaCompanySodas_Click(FMain.java:406)
	Default.FMain.AssignSodaCompanySodas(FMain.java:430)
	SodaCompanySodas.DAssignSodaCompanySodas.actionPerformed(DAssignSodaCompanySodas.java:414)
	SodaCompanySodas.DAssignSodaCompanySodas.btnAll_Click(DAssignSodaCompanySodas.java:447)
	Utilities.CDatabaseUtilities.AddAllSodasToSodaCompanyInDatabase(CDatabaseUtilities.java:831)
	net.ucanaccess.jdbc.UcanaccessStatement.execute(UcanaccessStatement.java:109)
number of target columns does not match that of query expression
2018/12/15 11:23:42 - Default.FMain.actionPerformed(FMain.java:451)
	Default.FMain.btnManageSodaCompanies_Click(FMain.java:262)
	SodaCompanies.DManageSodaCompanies.actionPerformed(DManageSodaCompanies.java:510)
	SodaCompanies.DManageSodaCompanies.btnEdit_Click(DManageSodaCompanies.java:325)
	SodaCompanies.DEditSodaCompany.actionPerformed(DEditSodaCompany.java:200)
	SodaCompanies.DEditSodaCompany.btnOK_Click(DEditSodaCompany.java:236)
	SodaCompanies.DEditSodaCompany.SaveData(DEditSodaCompany.java:286)
	Utilities.CDatabaseUtilities.EditSodaCompanyDatabase(CDatabaseUtilities.java:416)
	net.ucanaccess.jdbc.UcanaccessResultSet.updateRow(UcanaccessResultSet.java:1592)
invalid cursor state: identifier cursor not positioned on row in UPDATE, DELETE, SET, or GET statement: ; ResultSet is empty
2018/12/15 11:23:48 - Default.FMain.actionPerformed(FMain.java:451)
	Default.FMain.btnManageSodaCompanies_Click(FMain.java:262)
	SodaCompanies.DManageSodaCompanies.actionPerformed(DManageSodaCompanies.java:510)
	SodaCompanies.DManageSodaCompanies.btnEdit_Click(DManageSodaCompanies.java:325)
	SodaCompanies.DEditSodaCompany.actionPerformed(DEditSodaCompany.java:200)
	SodaCompanies.DEditSodaCompany.btnOK_Click(DEditSodaCompany.java:236)
	SodaCompanies.DEditSodaCompany.SaveData(DEditSodaCompany.java:286)
	Utilities.CDatabaseUtilities.EditSodaCompanyDatabase(CDatabaseUtilities.java:416)
	net.ucanaccess.jdbc.UcanaccessResultSet.updateRow(UcanaccessResultSet.java:1592)
invalid cursor state: identifier cursor not positioned on row in UPDATE, DELETE, SET, or GET statement: ; ResultSet is empty
2018/12/15 11:27:55 - Default.FMain.actionPerformed(FMain.java:451)
	Default.FMain.btnManageSodaCompanies_Click(FMain.java:262)
	SodaCompanies.DManageSodaCompanies.actionPerformed(DManageSodaCompanies.java:510)
	SodaCompanies.DManageSodaCompanies.btnEdit_Click(DManageSodaCompanies.java:325)
	SodaCompanies.DEditSodaCompany.actionPerformed(DEditSodaCompany.java:200)
	SodaCompanies.DEditSodaCompany.btnOK_Click(DEditSodaCompany.java:236)
	SodaCompanies.DEditSodaCompany.SaveData(DEditSodaCompany.java:286)
	Utilities.CDatabaseUtilities.EditSodaCompanyDatabase(CDatabaseUtilities.java:416)
	net.ucanaccess.jdbc.UcanaccessResultSet.updateRow(UcanaccessResultSet.java:1592)
invalid cursor state: identifier cursor not positioned on row in UPDATE, DELETE, SET, or GET statement: ; ResultSet is empty
2018/12/15 11:34:00 - Default.FMain.actionPerformed(FMain.java:451)
	Default.FMain.btnManageSodaCompanies_Click(FMain.java:262)
	SodaCompanies.DManageSodaCompanies.actionPerformed(DManageSodaCompanies.java:510)
	SodaCompanies.DManageSodaCompanies.btnEdit_Click(DManageSodaCompanies.java:325)
	SodaCompanies.DEditSodaCompany.actionPerformed(DEditSodaCompany.java:200)
	SodaCompanies.DEditSodaCompany.btnOK_Click(DEditSodaCompany.java:236)
	SodaCompanies.DEditSodaCompany.SaveData(DEditSodaCompany.java:286)
	Utilities.CDatabaseUtilities.EditSodaCompanyDatabase(CDatabaseUtilities.java:416)
	net.ucanaccess.jdbc.UcanaccessResultSet.updateRow(UcanaccessResultSet.java:1592)
invalid cursor state: identifier cursor not positioned on row in UPDATE, DELETE, SET, or GET statement: ; ResultSet is empty
2018/12/15 11:40:58 - Default.FMain.actionPerformed(FMain.java:451)
	Default.FMain.btnManageSodaCompanies_Click(FMain.java:262)
	SodaCompanies.DManageSodaCompanies.actionPerformed(DManageSodaCompanies.java:510)
	SodaCompanies.DManageSodaCompanies.btnEdit_Click(DManageSodaCompanies.java:325)
	SodaCompanies.DEditSodaCompany.actionPerformed(DEditSodaCompany.java:200)
	SodaCompanies.DEditSodaCompany.btnOK_Click(DEditSodaCompany.java:236)
	SodaCompanies.DEditSodaCompany.SaveData(DEditSodaCompany.java:286)
	Utilities.CDatabaseUtilities.EditSodaCompanyDatabase(CDatabaseUtilities.java:416)
	net.ucanaccess.jdbc.UcanaccessResultSet.updateRow(UcanaccessResultSet.java:1592)
invalid cursor state: identifier cursor not positioned on row in UPDATE, DELETE, SET, or GET statement: ; ResultSet is empty
2018/12/15 11:44:05 - Default.FMain.actionPerformed(FMain.java:451)
	Default.FMain.btnManageSodaCompanies_Click(FMain.java:262)
	SodaCompanies.DManageSodaCompanies.actionPerformed(DManageSodaCompanies.java:510)
	SodaCompanies.DManageSodaCompanies.btnEdit_Click(DManageSodaCompanies.java:325)
	SodaCompanies.DEditSodaCompany.actionPerformed(DEditSodaCompany.java:200)
	SodaCompanies.DEditSodaCompany.btnOK_Click(DEditSodaCompany.java:236)
	SodaCompanies.DEditSodaCompany.SaveData(DEditSodaCompany.java:286)
	Utilities.CDatabaseUtilities.EditSodaCompanyDatabase(CDatabaseUtilities.java:416)
	net.ucanaccess.jdbc.UcanaccessResultSet.updateRow(UcanaccessResultSet.java:1592)
invalid cursor state: identifier cursor not positioned on row in UPDATE, DELETE, SET, or GET statement: ; ResultSet is empty
2018/12/15 11:47:38 - Default.FMain.actionPerformed(FMain.java:451)
	Default.FMain.btnManageSodaCompanies_Click(FMain.java:262)
	SodaCompanies.DManageSodaCompanies.actionPerformed(DManageSodaCompanies.java:510)
	SodaCompanies.DManageSodaCompanies.btnEdit_Click(DManageSodaCompanies.java:325)
	SodaCompanies.DEditSodaCompany.actionPerformed(DEditSodaCompany.java:200)
	SodaCompanies.DEditSodaCompany.btnOK_Click(DEditSodaCompany.java:236)
	SodaCompanies.DEditSodaCompany.SaveData(DEditSodaCompany.java:285)
	Utilities.CDatabaseUtilities.EditSodaCompanyDatabase(CDatabaseUtilities.java:416)
	net.ucanaccess.jdbc.UcanaccessResultSet.updateRow(UcanaccessResultSet.java:1592)
invalid cursor state: identifier cursor not positioned on row in UPDATE, DELETE, SET, or GET statement: ; ResultSet is empty
2018/12/15 11:48:43 - Default.FMain.actionPerformed(FMain.java:451)
	Default.FMain.btnManageSodaCompanies_Click(FMain.java:262)
	SodaCompanies.DManageSodaCompanies.actionPerformed(DManageSodaCompanies.java:510)
	SodaCompanies.DManageSodaCompanies.btnEdit_Click(DManageSodaCompanies.java:325)
	SodaCompanies.DEditSodaCompany.actionPerformed(DEditSodaCompany.java:200)
	SodaCompanies.DEditSodaCompany.btnOK_Click(DEditSodaCompany.java:236)
	SodaCompanies.DEditSodaCompany.SaveData(DEditSodaCompany.java:285)
	Utilities.CDatabaseUtilities.EditSodaCompanyDatabase(CDatabaseUtilities.java:416)
	net.ucanaccess.jdbc.UcanaccessResultSet.updateRow(UcanaccessResultSet.java:1592)
invalid cursor state: identifier cursor not positioned on row in UPDATE, DELETE, SET, or GET statement: ; ResultSet is empty
2018/12/15 11:51:48 - Default.FMain.actionPerformed(FMain.java:451)
	Default.FMain.btnManageSodaCompanies_Click(FMain.java:262)
	SodaCompanies.DManageSodaCompanies.actionPerformed(DManageSodaCompanies.java:510)
	SodaCompanies.DManageSodaCompanies.btnEdit_Click(DManageSodaCompanies.java:325)
	SodaCompanies.DEditSodaCompany.actionPerformed(DEditSodaCompany.java:200)
	SodaCompanies.DEditSodaCompany.btnOK_Click(DEditSodaCompany.java:236)
	SodaCompanies.DEditSodaCompany.SaveData(DEditSodaCompany.java:286)
	Utilities.CDatabaseUtilities.EditSodaCompanyDatabase(CDatabaseUtilities.java:416)
	net.ucanaccess.jdbc.UcanaccessResultSet.updateRow(UcanaccessResultSet.java:1592)
invalid cursor state: identifier cursor not positioned on row in UPDATE, DELETE, SET, or GET statement: ; ResultSet is empty
